Using pre-set license
Built from '2020.3/staging' branch; Version is '2020.3.8f1 (507919d4fff5) revision 5273881'; Using compiler version '192528614'; Build Type 'Release'
OS: 'Windows 10 Pro; OS build 19042.985; Version 2009; 64bit' Language: 'es' Physical Memory: 16238 MB
BatchMode: 1, IsHumanControllingUs: 0, StartBugReporterOnCrash: 0, Is64bit: 1, IsPro: 0

 COMMAND LINE ARGUMENTS:
C:\Program Files\Unity\Hub\Editor\2020.3.8f1\Editor\Unity.exe
-adb2
-batchMode
-noUpm
-name
AssetImportWorker0
-projectPath
C:/Users/USUARIO/Desktop/TLS_GIT/legacyofempanadas
-logFile
Logs/AssetImportWorker0.log
-srvPort
61592
Successfully changed project path to: C:/Users/USUARIO/Desktop/TLS_GIT/legacyofempanadas
C:/Users/USUARIO/Desktop/TLS_GIT/legacyofempanadas
Using Asset Import Pipeline V2.
Refreshing native plugins compatible for Editor in 18.05 ms, found 0 plugins.
Preloading 0 native plugins for Editor in 0.00 ms.
Initialize engine version: 2020.3.8f1 (507919d4fff5)
[Subsystems] Discovering subsystems at path C:/Program Files/Unity/Hub/Editor/2020.3.8f1/Editor/Data/Resources/UnitySubsystems
[Subsystems] Discovering subsystems at path C:/Users/USUARIO/Desktop/TLS_GIT/legacyofempanadas/Assets
GfxDevice: creating device client; threaded=0
Direct3D:
    Version:  Direct3D 11.0 [level 11.1]
    Renderer: NVIDIA GeForce RTX 3060 Ti (ID=0x2486)
    Vendor:   
    VRAM:     8050 MB
    Driver:   27.21.14.6109
Initialize mono
Mono path[0] = 'C:/Program Files/Unity/Hub/Editor/2020.3.8f1/Editor/Data/Managed'
Mono path[1] = 'C:/Program Files/Unity/Hub/Editor/2020.3.8f1/Editor/Data/MonoBleedingEdge/lib/mono/unityjit'
Mono config path = 'C:/Program Files/Unity/Hub/Editor/2020.3.8f1/Editor/Data/MonoBleedingEdge/etc'
Using monoOptions --debugger-agent=transport=dt_socket,embedding=1,server=y,suspend=n,address=127.0.0.1:56608
Begin MonoManager ReloadAssembly
Registering precompiled unity dll's ...
Register platform support module: C:/Program Files/Unity/Hub/Editor/2020.3.8f1/Editor/Data/PlaybackEngines/WindowsStandaloneSupport/UnityEditor.WindowsStandalone.Extensions.dll
Registered in 0.001338 seconds.
Native extension for WindowsStandalone target not found
Refreshing native plugins compatible for Editor in 19.22 ms, found 0 plugins.
Preloading 0 native plugins for Editor in 0.00 ms.
Mono: successfully reloaded assembly
- Completed reload, in  0.743 seconds
Platform modules already initialized, skipping
Registering precompiled user dll's ...
Registered in 0.000449 seconds.
Begin MonoManager ReloadAssembly
Native extension for WindowsStandalone target not found
Refreshing native plugins compatible for Editor in 0.18 ms, found 0 plugins.
Preloading 0 native plugins for Editor in 0.00 ms.
Mono: successfully reloaded assembly
- Completed reload, in  0.641 seconds
Platform modules already initialized, skipping
========================================================================
Worker process is ready to serve import requests
Launched and connected shader compiler UnityShaderCompiler.exe after 0.03 seconds
Refreshing native plugins compatible for Editor in 0.20 ms, found 0 plugins.
Preloading 0 native plugins for Editor in 0.00 ms.
Unloading 1115 Unused Serialized files (Serialized files now loaded: 0)
System memory in use before: 56.9 MB.
System memory in use after: 57.0 MB.

Unloading 9 unused Assets to reduce memory usage. Loaded Objects now: 1558.
Total: 1.247500 ms (FindLiveObjects: 0.112500 ms CreateObjectMapping: 0.051900 ms MarkObjects: 1.039200 ms  DeleteObjects: 0.043100 ms)

========================================================================
Received Import Request.
  path: Assets
  artifactKey: Guid(00000000000000001000000000000000) Importer(815301076,1909f56bfc062723c751e8b465ee728b)
Start importing Assets using Guid(00000000000000001000000000000000) Importer(815301076,1909f56bfc062723c751e8b465ee728b)  -> (artifact id: '42d402b061de3733987d63b9cc3b64de') in 0.005855 seconds
  Import took 0.007172 seconds .

========================================================================
Received Import Request.
  Time since last request: 10.479561 seconds.
  path: Assets/Scripts
  artifactKey: Guid(ca0174f54a6e1be479b7f0624c8072f0) Importer(815301076,1909f56bfc062723c751e8b465ee728b)
Start importing Assets/Scripts using Guid(ca0174f54a6e1be479b7f0624c8072f0) Importer(815301076,1909f56bfc062723c751e8b465ee728b)  -> (artifact id: '326ad0629af13e091a1d36b12daa054e') in 0.004941 seconds
  Import took 0.006498 seconds .

========================================================================
Received Prepare
Registering precompiled user dll's ...
Registered in 0.000670 seconds.
Begin MonoManager ReloadAssembly
Native extension for WindowsStandalone target not found
Refreshing native plugins compatible for Editor in 0.19 ms, found 0 plugins.
Preloading 0 native plugins for Editor in 0.00 ms.
Mono: successfully reloaded assembly
- Completed reload, in  0.591 seconds
Platform modules already initialized, skipping
Refreshing native plugins compatible for Editor in 0.19 ms, found 0 plugins.
Preloading 0 native plugins for Editor in 0.00 ms.
Unloading 1110 Unused Serialized files (Serialized files now loaded: 0)
System memory in use before: 56.8 MB.
System memory in use after: 56.9 MB.

Unloading 4 unused Assets to reduce memory usage. Loaded Objects now: 1562.
Total: 1.303900 ms (FindLiveObjects: 0.112600 ms CreateObjectMapping: 0.028800 ms MarkObjects: 1.150300 ms  DeleteObjects: 0.011400 ms)

========================================================================
Received Import Request.
  Time since last request: 55.751208 seconds.
  path: Assets/Scripts/NewBehaviourScript.cs
  artifactKey: Guid(46b4b2ab6e13b0e48b2355031e6924d0) Importer(815301076,1909f56bfc062723c751e8b465ee728b)
Start importing Assets/Scripts/NewBehaviourScript.cs using Guid(46b4b2ab6e13b0e48b2355031e6924d0) Importer(815301076,1909f56bfc062723c751e8b465ee728b)  -> (artifact id: 'f8e93ffd0bb33fdb500d7475a759fa5b') in 0.070139 seconds
  Import took 0.071533 seconds .

========================================================================
Received Prepare
Registering precompiled user dll's ...
Registered in 0.000449 seconds.
Begin MonoManager ReloadAssembly
Native extension for WindowsStandalone target not found
Refreshing native plugins compatible for Editor in 0.20 ms, found 0 plugins.
Preloading 0 native plugins for Editor in 0.00 ms.
Mono: successfully reloaded assembly
- Completed reload, in  0.580 seconds
Platform modules already initialized, skipping
Refreshing native plugins compatible for Editor in 0.15 ms, found 0 plugins.
Preloading 0 native plugins for Editor in 0.00 ms.
Unloading 1109 Unused Serialized files (Serialized files now loaded: 0)
System memory in use before: 56.8 MB.
System memory in use after: 56.9 MB.

Unloading 5 unused Assets to reduce memory usage. Loaded Objects now: 1564.
Total: 1.212000 ms (FindLiveObjects: 0.107000 ms CreateObjectMapping: 0.029700 ms MarkObjects: 1.063300 ms  DeleteObjects: 0.011100 ms)

========================================================================
Received Import Request.
  Time since last request: 257.532906 seconds.
  path: Assets/Scripts/Saludito.cs
  artifactKey: Guid(af973d42e4a34b343a34a7b32247848d) Importer(815301076,1909f56bfc062723c751e8b465ee728b)
Start importing Assets/Scripts/Saludito.cs using Guid(af973d42e4a34b343a34a7b32247848d) Importer(815301076,1909f56bfc062723c751e8b465ee728b)  -> (artifact id: '77ee2a3812615587872e7ff3a433329e') in 0.006280 seconds
  Import took 0.007928 seconds .

========================================================================
Received Import Request.
  Time since last request: 0.001394 seconds.
  path: Assets/Scripts/Saludito.cs
  artifactKey: Guid(af973d42e4a34b343a34a7b32247848d) Importer(815301076,1909f56bfc062723c751e8b465ee728b)
Start importing Assets/Scripts/Saludito.cs using Guid(af973d42e4a34b343a34a7b32247848d) Importer(815301076,1909f56bfc062723c751e8b465ee728b)  -> (artifact id: '77ee2a3812615587872e7ff3a433329e') in 0.001628 seconds
  Import took 0.003244 seconds .

========================================================================
Received Prepare
Registering precompiled user dll's ...
Registered in 0.000407 seconds.
Begin MonoManager ReloadAssembly
Native extension for WindowsStandalone target not found
Refreshing native plugins compatible for Editor in 0.20 ms, found 0 plugins.
Preloading 0 native plugins for Editor in 0.00 ms.
Mono: successfully reloaded assembly
- Completed reload, in  0.577 seconds
Platform modules already initialized, skipping
Refreshing native plugins compatible for Editor in 0.15 ms, found 0 plugins.
Preloading 0 native plugins for Editor in 0.00 ms.
Unloading 1110 Unused Serialized files (Serialized files now loaded: 0)
System memory in use before: 56.8 MB.
System memory in use after: 56.9 MB.

Unloading 4 unused Assets to reduce memory usage. Loaded Objects now: 1568.
Total: 1.305900 ms (FindLiveObjects: 0.119100 ms CreateObjectMapping: 0.029200 ms MarkObjects: 1.147900 ms  DeleteObjects: 0.009000 ms)

========================================================================
Received Import Request.
  Time since last request: 125.527670 seconds.
  path: Assets/Scripts/Saludito.cs
  artifactKey: Guid(af973d42e4a34b343a34a7b32247848d) Importer(815301076,1909f56bfc062723c751e8b465ee728b)
Start importing Assets/Scripts/Saludito.cs using Guid(af973d42e4a34b343a34a7b32247848d) Importer(815301076,1909f56bfc062723c751e8b465ee728b)  -> (artifact id: 'c39b2216054f4d6a5a3ef3377affd328') in 0.003641 seconds
  Import took 0.005445 seconds .

========================================================================
Received Import Request.
  Time since last request: 27.928700 seconds.
  path: Assets/Scripts/Saludito.cs
  artifactKey: Guid(af973d42e4a34b343a34a7b32247848d) Importer(815301076,1909f56bfc062723c751e8b465ee728b)
Start importing Assets/Scripts/Saludito.cs using Guid(af973d42e4a34b343a34a7b32247848d) Importer(815301076,1909f56bfc062723c751e8b465ee728b)  -> (artifact id: '8adde25ebbcb15ce96edcc91ba19f496') in 0.001345 seconds
  Import took 0.002817 seconds .

========================================================================
Received Prepare
Registering precompiled user dll's ...
Registered in 0.000440 seconds.
Begin MonoManager ReloadAssembly
Native extension for WindowsStandalone target not found
Refreshing native plugins compatible for Editor in 0.18 ms, found 0 plugins.
Preloading 0 native plugins for Editor in 0.00 ms.
Mono: successfully reloaded assembly
- Completed reload, in  0.572 seconds
Platform modules already initialized, skipping
Refreshing native plugins compatible for Editor in 0.15 ms, found 0 plugins.
Preloading 0 native plugins for Editor in 0.00 ms.
Unloading 1110 Unused Serialized files (Serialized files now loaded: 0)
System memory in use before: 56.8 MB.
System memory in use after: 56.9 MB.

Unloading 4 unused Assets to reduce memory usage. Loaded Objects now: 1571.
Total: 1.429700 ms (FindLiveObjects: 0.132800 ms CreateObjectMapping: 0.060700 ms MarkObjects: 1.226100 ms  DeleteObjects: 0.009400 ms)

========================================================================
Received Import Request.
  Time since last request: 81.613852 seconds.
  path: Assets/Scripts/Saludito.cs
  artifactKey: Guid(af973d42e4a34b343a34a7b32247848d) Importer(815301076,1909f56bfc062723c751e8b465ee728b)
Start importing Assets/Scripts/Saludito.cs using Guid(af973d42e4a34b343a34a7b32247848d) Importer(815301076,1909f56bfc062723c751e8b465ee728b)  -> (artifact id: 'ea77ec55ec81efe22a5fd73bb936cbc4') in 0.002839 seconds
  Import took 0.004103 seconds .

========================================================================
Received Prepare
Registering precompiled user dll's ...
Registered in 0.000440 seconds.
Begin MonoManager ReloadAssembly
Native extension for WindowsStandalone target not found
Refreshing native plugins compatible for Editor in 0.19 ms, found 0 plugins.
Preloading 0 native plugins for Editor in 0.00 ms.
Mono: successfully reloaded assembly
- Completed reload, in  0.562 seconds
Platform modules already initialized, skipping
Refreshing native plugins compatible for Editor in 0.18 ms, found 0 plugins.
Preloading 0 native plugins for Editor in 0.00 ms.
Unloading 1110 Unused Serialized files (Serialized files now loaded: 0)
System memory in use before: 56.9 MB.
System memory in use after: 57.0 MB.

Unloading 4 unused Assets to reduce memory usage. Loaded Objects now: 1574.
Total: 1.174800 ms (FindLiveObjects: 0.109500 ms CreateObjectMapping: 0.029800 ms MarkObjects: 1.026400 ms  DeleteObjects: 0.008600 ms)

AssetImportWorkerClient::OnTransportError - code=2 error=End of file
